ERROR 2020-03-16T02:33:19.852 (qrc:/qml/GridComicsView.qml:7:1: module "QtQuick.Controls.Styles" is not installed
    import QtQuick.Controls.Styles 1.4
    ^, qrc:/qml/GridComicsView.qml:6:1: module "QtGraphicalEffects" is not installed
    import QtGraphicalEffects 1.0
    ^, qrc:/qml/GridComicsView.qml:3:1: module "QtQuick.Controls" is not installed
    import QtQuick.Controls 1.4
    ^, qrc:/qml/GridComicsView.qml:7:1: module "QtQuick.Controls.Styles" is not installed
    import QtQuick.Controls.Styles 1.4
    ^, qrc:/qml/GridComicsView.qml:6:1: module "QtGraphicalEffects" is not installed
    import QtGraphicalEffects 1.0
    ^, qrc:/qml/GridComicsView.qml:3:1: module "QtQuick.Controls" is not installed
    import QtQuick.Controls 1.4
    ^, qrc:/qml/GridComicsView.qml:7:1: module "QtQuick.Controls.Styles" is not installed
    import QtQuick.Controls.Styles 1.4
    ^, qrc:/qml/GridComicsView.qml:6:1: module "QtGraphicalEffects" is not installed
    import QtGraphicalEffects 1.0
    ^, qrc:/qml/GridComicsView.qml:3:1: module "QtQuick.Controls" is not installed
    import QtQuick.Controls 1.4
    ^) 
ERROR 2020-03-16T02:33:32.280 (qrc:/qml/InfoComicsView.qml:5:1: module "QtQuick.Controls.Styles" is not installed
    import QtQuick.Controls.Styles 1.4
    ^, qrc:/qml/InfoComicsView.qml:4:1: module "QtGraphicalEffects" is not installed
    import QtGraphicalEffects 1.0
    ^, qrc:/qml/InfoComicsView.qml:3:1: module "QtQuick.Controls" is not installed
    import QtQuick.Controls 1.2
    ^, qrc:/qml/InfoComicsView.qml:5:1: module "QtQuick.Controls.Styles" is not installed
    import QtQuick.Controls.Styles 1.4
    ^, qrc:/qml/InfoComicsView.qml:4:1: module "QtGraphicalEffects" is not installed
    import QtGraphicalEffects 1.0
    ^, qrc:/qml/InfoComicsView.qml:3:1: module "QtQuick.Controls" is not installed
    import QtQuick.Controls 1.2
    ^, qrc:/qml/InfoComicsView.qml:5:1: module "QtQuick.Controls.Styles" is not installed
    import QtQuick.Controls.Styles 1.4
    ^, qrc:/qml/InfoComicsView.qml:4:1: module "QtGraphicalEffects" is not installed
    import QtGraphicalEffects 1.0
    ^, qrc:/qml/InfoComicsView.qml:3:1: module "QtQuick.Controls" is not installed
    import QtQuick.Controls 1.2
    ^) 
ERROR 2020-03-16T02:34:00.173 (qrc:/qml/InfoComicsView.qml:5:1: module "QtQuick.Controls.Styles" is not installed
    import QtQuick.Controls.Styles 1.4
    ^, qrc:/qml/InfoComicsView.qml:4:1: module "QtGraphicalEffects" is not installed
    import QtGraphicalEffects 1.0
    ^, qrc:/qml/InfoComicsView.qml:3:1: module "QtQuick.Controls" is not installed
    import QtQuick.Controls 1.2
    ^, qrc:/qml/InfoComicsView.qml:5:1: module "QtQuick.Controls.Styles" is not installed
    import QtQuick.Controls.Styles 1.4
    ^, qrc:/qml/InfoComicsView.qml:4:1: module "QtGraphicalEffects" is not installed
    import QtGraphicalEffects 1.0
    ^, qrc:/qml/InfoComicsView.qml:3:1: module "QtQuick.Controls" is not installed
    import QtQuick.Controls 1.2
    ^, qrc:/qml/InfoComicsView.qml:5:1: module "QtQuick.Controls.Styles" is not installed
    import QtQuick.Controls.Styles 1.4
    ^, qrc:/qml/InfoComicsView.qml:4:1: module "QtGraphicalEffects" is not installed
    import QtGraphicalEffects 1.0
    ^, qrc:/qml/InfoComicsView.qml:3:1: module "QtQuick.Controls" is not installed
    import QtQuick.Controls 1.2
    ^) 
ERROR 2020-03-16T02:34:32.565 (qrc:/qml/GridComicsView.qml:7:1: module "QtQuick.Controls.Styles" is not installed
    import QtQuick.Controls.Styles 1.4
    ^, qrc:/qml/GridComicsView.qml:6:1: module "QtGraphicalEffects" is not installed
    import QtGraphicalEffects 1.0
    ^, qrc:/qml/GridComicsView.qml:3:1: module "QtQuick.Controls" is not installed
    import QtQuick.Controls 1.4
    ^, qrc:/qml/GridComicsView.qml:7:1: module "QtQuick.Controls.Styles" is not installed
    import QtQuick.Controls.Styles 1.4
    ^, qrc:/qml/GridComicsView.qml:6:1: module "QtGraphicalEffects" is not installed
    import QtGraphicalEffects 1.0
    ^, qrc:/qml/GridComicsView.qml:3:1: module "QtQuick.Controls" is not installed
    import QtQuick.Controls 1.4
    ^, qrc:/qml/GridComicsView.qml:7:1: module "QtQuick.Controls.Styles" is not installed
    import QtQuick.Controls.Styles 1.4
    ^, qrc:/qml/GridComicsView.qml:6:1: module "QtGraphicalEffects" is not installed
    import QtGraphicalEffects 1.0
    ^, qrc:/qml/GridComicsView.qml:3:1: module "QtQuick.Controls" is not installed
    import QtQuick.Controls 1.4
    ^) 
